0:0:0:0:0:0:0:1 - - [10/Oct/2018:23:05:22 +0800] "GET /swagger-ui.html HTTP/1.1" 200 60
0:0:0:0:0:0:0:1 - - [10/Oct/2018:23:05:22 +0800] "GET /favicon.ico HTTP/1.1" 200 946
0:0:0:0:0:0:0:1 - - [10/Oct/2018:23:09:51 +0800] "GET /swagger-ui.html HTTP/1.1" 200 60
0:0:0:0:0:0:0:1 - - [10/Oct/2018:23:10:01 +0800] "GET /swagger-ui.html HTTP/1.1" 200 60
0:0:0:0:0:0:0:1 - - [10/Oct/2018:23:12:41 +0800] "GET / HTTP/1.1" 200 45
0:0:0:0:0:0:0:1 - - [10/Oct/2018:23:13:20 +0800] "POST /user/list HTTP/1.1" 200 1901
0:0:0:0:0:0:0:1 - - [10/Oct/2018:23:17:29 +0800] "GET /swagger-ui.html HTTP/1.1" 200 60
0:0:0:0:0:0:0:1 - - [10/Oct/2018:23:17:29 +0800] "GET /favicon.ico HTTP/1.1" 200 946
0:0:0:0:0:0:0:1 - - [10/Oct/2018:23:17:50 +0800] "GET /swagger-ui.html HTTP/1.1" 200 60
0:0:0:0:0:0:0:1 - - [10/Oct/2018:23:21:07 +0800] "GET /swagger-ui.html HTTP/1.1" 200 3246
0:0:0:0:0:0:0:1 - - [10/Oct/2018:23:21:07 +0800] "GET /webjars/springfox-swagger-ui/css/screen.css HTTP/1.1" 200 43644
0:0:0:0:0:0:0:1 - - [10/Oct/2018:23:21:07 +0800] "GET /webjars/springfox-swagger-ui/lib/jquery.slideto.min.js HTTP/1.1" 200 365
0:0:0:0:0:0:0:1 - - [10/Oct/2018:23:21:07 +0800] "GET /webjars/springfox-swagger-ui/lib/object-assign-pollyfill.js HTTP/1.1" 200 349
0:0:0:0:0:0:0:1 - - [10/Oct/2018:23:21:07 +0800] "GET /webjars/springfox-swagger-ui/lib/jquery-1.8.0.min.js HTTP/1.1" 200 92032
0:0:0:0:0:0:0:1 - - [10/Oct/2018:23:21:07 +0800] "GET /webjars/springfox-swagger-ui/lib/jquery.ba-bbq.min.js HTTP/1.1" 200 3518
0:0:0:0:0:0:0:1 - - [10/Oct/2018:23:21:07 +0800] "GET /webjars/springfox-swagger-ui/lib/lodash.min.js HTTP/1.1" 200 51894
0:0:0:0:0:0:0:1 - - [10/Oct/2018:23:21:07 +0800] "GET /webjars/springfox-swagger-ui/css/reset.css HTTP/1.1" 200 773
0:0:0:0:0:0:0:1 - - [10/Oct/2018:23:21:07 +0800] "GET /webjars/springfox-swagger-ui/lib/jquery.wiggle.min.js HTTP/1.1" 200 536
0:0:0:0:0:0:0:1 - - [10/Oct/2018:23:21:07 +0800] "GET /webjars/springfox-swagger-ui/lib/backbone-min.js HTTP/1.1" 200 19371
0:0:0:0:0:0:0:1 - - [10/Oct/2018:23:21:07 +0800] "GET /webjars/springfox-swagger-ui/lib/handlebars-4.0.5.js HTTP/1.1" 200 71504
0:0:0:0:0:0:0:1 - - [10/Oct/2018:23:21:07 +0800] "GET /webjars/springfox-swagger-ui/css/typography.css HTTP/1.1" 200 -
0:0:0:0:0:0:0:1 - - [10/Oct/2018:23:21:07 +0800] "GET /webjars/springfox-swagger-ui/swagger-ui.min.js HTTP/1.1" 200 453076
0:0:0:0:0:0:0:1 - - [10/Oct/2018:23:21:07 +0800] "GET /webjars/springfox-swagger-ui/lib/highlight.9.1.0.pack.js HTTP/1.1" 200 10962
0:0:0:0:0:0:0:1 - - [10/Oct/2018:23:21:07 +0800] "GET /webjars/springfox-swagger-ui/lib/highlight.9.1.0.pack_extended.js HTTP/1.1" 200 310
0:0:0:0:0:0:0:1 - - [10/Oct/2018:23:21:07 +0800] "GET /webjars/springfox-swagger-ui/lib/jsoneditor.min.js HTTP/1.1" 200 129835
0:0:0:0:0:0:0:1 - - [10/Oct/2018:23:21:07 +0800] "GET /webjars/springfox-swagger-ui/lib/marked.js HTTP/1.1" 200 15724
0:0:0:0:0:0:0:1 - - [10/Oct/2018:23:21:07 +0800] "GET /webjars/springfox-swagger-ui/lib/swagger-oauth.js HTTP/1.1" 200 7042
0:0:0:0:0:0:0:1 - - [10/Oct/2018:23:21:08 +0800] "GET /webjars/springfox-swagger-ui/springfox.js HTTP/1.1" 200 4475
0:0:0:0:0:0:0:1 - - [10/Oct/2018:23:21:08 +0800] "GET /webjars/springfox-swagger-ui/images/logo_small.png HTTP/1.1" 200 455
0:0:0:0:0:0:0:1 - - [10/Oct/2018:23:21:08 +0800] "GET /webjars/springfox-swagger-ui/css/print.css HTTP/1.1" 200 41666
0:0:0:0:0:0:0:1 - - [10/Oct/2018:23:21:09 +0800] "GET /webjars/springfox-swagger-ui/images/favicon-32x32.png HTTP/1.1" 200 1141
0:0:0:0:0:0:0:1 - - [10/Oct/2018:23:21:09 +0800] "GET /webjars/springfox-swagger-ui/images/favicon-16x16.png HTTP/1.1" 200 445
0:0:0:0:0:0:0:1 - - [10/Oct/2018:23:21:09 +0800] "GET /swagger-resources/configuration/ui HTTP/1.1" 200 185
0:0:0:0:0:0:0:1 - - [10/Oct/2018:23:21:09 +0800] "GET /swagger-resources HTTP/1.1" 200 69
0:0:0:0:0:0:0:1 - - [10/Oct/2018:23:21:09 +0800] "GET /v2/api-docs HTTP/1.1" 200 6913
0:0:0:0:0:0:0:1 - - [10/Oct/2018:23:21:10 +0800] "GET /swagger-resources/configuration/security HTTP/1.1" 200 70
0:0:0:0:0:0:0:1 - - [10/Oct/2018:23:25:46 +0800] "GET /swagger-ui.html HTTP/1.1" 304 -
0:0:0:0:0:0:0:1 - - [10/Oct/2018:23:25:50 +0800] "GET /webjars/springfox-swagger-ui/images/favicon-32x32.png HTTP/1.1" 200 1141
0:0:0:0:0:0:0:1 - - [10/Oct/2018:23:25:50 +0800] "GET /swagger-resources/configuration/ui HTTP/1.1" 200 227
0:0:0:0:0:0:0:1 - - [10/Oct/2018:23:25:50 +0800] "GET /swagger-resources HTTP/1.1" 200 69
0:0:0:0:0:0:0:1 - - [10/Oct/2018:23:25:51 +0800] "GET /swagger-ui.html HTTP/1.1" 304 -
0:0:0:0:0:0:0:1 - - [10/Oct/2018:23:25:52 +0800] "GET /swagger-resources/configuration/ui HTTP/1.1" 200 227
0:0:0:0:0:0:0:1 - - [10/Oct/2018:23:25:52 +0800] "GET /swagger-resources HTTP/1.1" 200 69
0:0:0:0:0:0:0:1 - - [10/Oct/2018:23:25:52 +0800] "GET /webjars/springfox-swagger-ui/images/favicon-32x32.png HTTP/1.1" 200 1141
0:0:0:0:0:0:0:1 - - [10/Oct/2018:23:25:52 +0800] "GET /v2/api-docs HTTP/1.1" 200 6913
0:0:0:0:0:0:0:1 - - [10/Oct/2018:23:25:52 +0800] "GET /v2/api-docs HTTP/1.1" 200 6913
0:0:0:0:0:0:0:1 - - [10/Oct/2018:23:25:54 +0800] "GET /swagger-resources/configuration/security HTTP/1.1" 200 127
