0:0:0:0:0:0:0:1 - - [24/Oct/2018:10:29:00 +0800] "GET /swagger-resources/configuration/ui HTTP/1.1" 200 185
0:0:0:0:0:0:0:1 - - [24/Oct/2018:10:29:01 +0800] "GET /swagger-resources HTTP/1.1" 200 69
0:0:0:0:0:0:0:1 - - [24/Oct/2018:10:29:01 +0800] "GET /v2/api-docs HTTP/1.1" 200 3183
0:0:0:0:0:0:0:1 - - [24/Oct/2018:10:29:01 +0800] "GET /swagger-resources/configuration/security HTTP/1.1" 200 70
0:0:0:0:0:0:0:1 - - [24/Oct/2018:10:37:28 +0800] "GET /swagger-resources HTTP/1.1" 200 69
0:0:0:0:0:0:0:1 - - [24/Oct/2018:10:37:28 +0800] "GET /swagger-resources/configuration/ui HTTP/1.1" 200 185
0:0:0:0:0:0:0:1 - - [24/Oct/2018:10:37:28 +0800] "GET /swagger-resources/configuration/security HTTP/1.1" 200 70
0:0:0:0:0:0:0:1 - - [24/Oct/2018:10:37:28 +0800] "GET /swagger-ui.html HTTP/1.1" 200 3246
0:0:0:0:0:0:0:1 - - [24/Oct/2018:10:37:28 +0800] "GET /swagger-resources/configuration/ui HTTP/1.1" 200 185
0:0:0:0:0:0:0:1 - - [24/Oct/2018:10:37:28 +0800] "GET /v2/api-docs HTTP/1.1" 200 3183
0:0:0:0:0:0:0:1 - - [24/Oct/2018:10:53:16 +0800] "GET /swagger-ui.html HTTP/1.1" 200 3246
0:0:0:0:0:0:0:1 - - [24/Oct/2018:10:53:16 +0800] "GET /swagger-resources/configuration/security HTTP/1.1" 200 70
0:0:0:0:0:0:0:1 - - [24/Oct/2018:10:53:16 +0800] "GET /swagger-resources HTTP/1.1" 200 69
0:0:0:0:0:0:0:1 - - [24/Oct/2018:10:53:16 +0800] "GET /v2/api-docs HTTP/1.1" 200 3183
0:0:0:0:0:0:0:1 - - [24/Oct/2018:10:53:16 +0800] "GET /swagger-resources/configuration/ui HTTP/1.1" 200 185
0:0:0:0:0:0:0:1 - - [24/Oct/2018:10:53:47 +0800] "GET /user?page=1&size=2 HTTP/1.1" 200 680
0:0:0:0:0:0:0:1 - - [24/Oct/2018:10:55:13 +0800] "GET /user?page=1&size=2 HTTP/1.1" 200 680
0:0:0:0:0:0:0:1 - - [24/Oct/2018:11:10:58 +0800] "POST /user HTTP/1.1" 200 43
0:0:0:0:0:0:0:1 - - [24/Oct/2018:11:13:55 +0800] "POST /user HTTP/1.1" 200 43
0:0:0:0:0:0:0:1 - - [24/Oct/2018:11:14:01 +0800] "POST /user HTTP/1.1" 200 43
